2023-11-30T08:33:32.185Z
cwd: ~/Projects/bng-credit-prototype
package: govuk-prototype-kit@13.15.3
argv: ~/.nvm/versions/node/v20.0.0/bin/node ~/.npm/_npx/751a68202a4807b7/node_modules/.bin/govuk-prototype-kit migrate
Started [Check migration is being applied to a pre v13 prototype]
Succeeded [Check migration is being applied to a pre v13 prototype]
2023-11-30T08:33:38.830Z
cwd: ~/Projects/bng-credit-prototype
package: govuk-prototype-kit@13.15.3
argv: ~/.nvm/versions/node/v20.0.0/bin/node ~/Projects/bng-credit-prototype/node_modules/.bin/govuk-prototype-kit migrate -- ~/Projects/bng-credit-prototype
Started [Migrate config.js to config.json]
Started [Update application SCSS file]
Started [Deleted files that are no longer needed]
Started [Deleted directories that are no longer needed]
Started [Delete listen-on-port.js]
Started [Delete server.js]
Started [Delete start.js]
Started [Delete gulpfile.js]
Started [Delete VERSION.txt]
Started [Delete Procfile]
Started [Delete app/assets/sass/application-ie8.scss]
Started [Remove unused directory docs]
Started [Remove unused directory gulp]
Started [Remove unused directory lib]
Started [Delete app/assets/sass/unbranded-ie8.scss]
Started [Remove unused directory public]
Succeeded [Migrate config.js to config.json]
Succeeded [Delete listen-on-port.js]
Succeeded [Delete server.js]
Succeeded [Delete start.js]
Succeeded [Delete app/assets/sass/application-ie8.scss]
Succeeded [Delete Procfile]
Succeeded [Delete gulpfile.js]
Succeeded [Delete VERSION.txt]
Succeeded [Delete app/assets/sass/unbranded-ie8.scss]
Succeeded [Deleted files that are no longer needed]
Could not found [// Add your routes here - above the module.exports line] in [app/routes.js], aborting
Started [Overwrite app/assets/javascripts/application.js]
Started [Overwrite app/views/layout.html]
Started [Overwrite app/filters.js]
Failed [Update routes file]
Found [// Add extra styles here, or re-organise the Sass files in whichever way makes most sense to you] in [app/assets/sass/application.scss], replacing
Started [Delete app/assets/images/separator-2x.png]
Started [Delete app/assets/images/unbranded.ico]
Started [Delete app/assets/images/separator.png]
Started [Delete app/assets/sass/unbranded.scss]
Started [Delete app/views/includes/head.html]
Started [Delete app/assets/sass/patterns/_related-items.scss]
Started [Delete app/views/layout_unbranded.html]
Started [Update app/assets/javascripts/application.js]
Started [Delete app/views/includes/breadcrumb_examples.html]
Started [Delete app/assets/javascripts/auto-store-data.js]
Started [Delete app/assets/javascripts/jquery-1.11.3.js]
Started [Delete app/views/includes/scripts.html]
Failed [Overwrite app/views/layout.html]
Started [Delete app/assets/sass/patterns/_step-by-step-header.scss]
Started [Delete app/assets/sass/patterns/_step-by-step-nav.scss]
Copying from [node_modules/govuk-prototype-kit/prototype-starter/app/filters.js] to [app/filters.js]
Keeping these lines from old file
Succeeded [Remove unused directory gulp]
Started [Delete app/assets/sass/patterns/_task-list.scss]
Started [Delete app/assets/sass/patterns/_step-by-step-related.scss]
Failed [Delete app/views/layout_unbranded.html]
Failed [Delete app/assets/sass/patterns/_task-list.scss]
Succeeded [Delete app/assets/images/separator-2x.png]
Succeeded [Delete app/assets/images/unbranded.ico]
Succeeded [Delete app/assets/sass/patterns/_related-items.scss]
Succeeded [Delete app/views/includes/breadcrumb_examples.html]
Succeeded [Delete app/assets/javascripts/auto-store-data.js]
Succeeded [Delete app/assets/javascripts/jquery-1.11.3.js]
Succeeded [Delete app/views/includes/scripts.html]
Succeeded [Delete app/assets/sass/patterns/_step-by-step-header.scss]
Succeeded [Delete app/assets/sass/patterns/_step-by-step-nav.scss]
Succeeded [Delete app/assets/sass/unbranded.scss]
Succeeded [Delete app/views/includes/head.html]
Succeeded [Delete app/assets/images/separator.png]
Succeeded [Delete app/assets/sass/patterns/_step-by-step-related.scss]
Succeeded [Update application SCSS file]
Succeeded [Remove unused directory lib]
Succeeded [Update app/assets/javascripts/application.js]
Succeeded [Overwrite app/assets/javascripts/application.js]
Succeeded [Remove unused directory public]
Succeeded [Remove unused directory docs]
Succeeded [Overwrite app/filters.js]
Succeeded [Deleted directories that are no longer needed]
Started [Remove old pattern includes from application SCSS file]
Succeeded [Remove old pattern includes from application SCSS file]
Started [Remove empty directory app/assets/sass/patterns]
Started [Remove empty directory app/assets/images]
Started [Remove empty directory app/views/includes]
Skipped deleting app/assets/sass/patterns
Skipped deleting app/views/includes
Skipped deleting app/assets/images
